# JRE version: OpenJDK Runtime Environment (8.0_152-b01) (build 1.8.0_152-release-915-b01)
# Java VM: OpenJDK 64-Bit Server VM (25.152-b01 mixed mode windows-amd64 compressed oops)
Heap:
 PSYoungGen      total 311808K, used 123482K [0x00000000e0000000, 0x00000000fbd00000, 0x0000000100000000)
  eden space 253440K, 48% used [0x00000000e0000000,0x00000000e7788dc8,0x00000000ef780000)
  from space 58368K, 1% used [0x00000000f8400000,0x00000000f850db00,0x00000000fbd00000)
  to   space 59392K, 0% used [0x00000000ef780000,0x00000000ef780000,0x00000000f3180000)
 ParOldGen       total 143872K, used 100087K [0x00000000a0000000, 0x00000000a8c80000, 0x00000000e0000000)
  object space 143872K, 69% used [0x00000000a0000000,0x00000000a61bdd08,0x00000000a8c80000)
 Metaspace       used 71612K, capacity 73984K, committed 74200K, reserved 1114112K
  class space    used 9119K, capacity 9661K, committed 9728K, reserved 1048576K
GC Heap History (10 events):
Event: 52.447 GC heap before
{Heap before GC invocations=23 (full 3):
 PSYoungGen      total 207872K, used 207870K [0x00000000e0000000, 0x00000000f2780000, 0x0000000100000000)
  eden space 179200K, 100% used [0x00000000e0000000,0x00000000eaf00000,0x00000000eaf00000)
  from space 28672K, 99% used [0x00000000eaf00000,0x00000000ecaffbc8,0x00000000ecb00000)
  to   space 41984K, 0% used [0x00000000efe80000,0x00000000efe80000,0x00000000f2780000)
 ParOldGen       total 143872K, used 56314K [0x00000000a0000000, 0x00000000a8c80000, 0x00000000e0000000)
  object space 143872K, 39% used [0x00000000a0000000,0x00000000a36fe9d8,0x00000000a8c80000)
 Metaspace       used 69720K, capacity 71798K, committed 72024K, reserved 1112064K
  class space    used 8856K, capacity 9336K, committed 9344K, reserved 1048576K
Event: 52.495 GC heap after
Heap after GC invocations=23 (full 3):
 PSYoungGen      total 251904K, used 41958K [0x00000000e0000000, 0x00000000f3900000, 0x0000000100000000)
  eden space 209920K, 0% used [0x00000000e0000000,0x00000000e0000000,0x00000000ecd00000)
  from space 41984K, 99% used [0x00000000efe80000,0x00000000f2779a18,0x00000000f2780000)
  to   space 50688K, 0% used [0x00000000ecd00000,0x00000000ecd00000,0x00000000efe80000)
 ParOldGen       total 143872K, used 61354K [0x00000000a0000000, 0x00000000a8c80000, 0x00000000e0000000)
  object space 143872K, 42% used [0x00000000a0000000,0x00000000a3bea990,0x00000000a8c80000)
 Metaspace       used 69720K, capacity 71798K, committed 72024K, reserved 1112064K
  class space    used 8856K, capacity 9336K, committed 9344K, reserved 1048576K
}
Event: 55.968 GC heap before
{Heap before GC invocations=24 (full 3):
 PSYoungGen      total 251904K, used 250833K [0x00000000e0000000, 0x00000000f3900000, 0x0000000100000000)
  eden space 209920K, 99% used [0x00000000e0000000,0x00000000ecbfab28,0x00000000ecd00000)
  from space 41984K, 99% used [0x00000000efe80000,0x00000000f2779a18,0x00000000f2780000)
  to   space 50688K, 0% used [0x00000000ecd00000,0x00000000ecd00000,0x00000000efe80000)
 ParOldGen       total 143872K, used 61354K [0x00000000a0000000, 0x00000000a8c80000, 0x00000000e0000000)
  object space 143872K, 42% used [0x00000000a0000000,0x00000000a3bea990,0x00000000a8c80000)
 Metaspace       used 71261K, capacity 73624K, committed 73944K, reserved 1114112K
  class space    used 9073K, capacity 9615K, committed 9728K, reserved 1048576K
Event: 56.022 GC heap after
Heap after GC invocations=24 (full 3):
 PSYoungGen      total 260608K, used 50343K [0x00000000e0000000, 0x00000000f6a80000, 0x0000000100000000)
  eden space 209920K, 0% used [0x00000000e0000000,0x00000000e0000000,0x00000000ecd00000)
  from space 50688K, 99% used [0x00000000ecd00000,0x00000000efe29ec8,0x00000000efe80000)
  to   space 58368K, 0% used [0x00000000f3180000,0x00000000f3180000,0x00000000f6a80000)
 ParOldGen       total 143872K, used 65082K [0x00000000a0000000, 0x00000000a8c80000, 0x00000000e0000000)
  object space 143872K, 45% used [0x00000000a0000000,0x00000000a3f8e908,0x00000000a8c80000)
 Metaspace       used 71261K, capacity 73624K, committed 73944K, reserved 1114112K
  class space    used 9073K, capacity 9615K, committed 9728K, reserved 1048576K
}
Event: 56.473 GC heap before
{Heap before GC invocations=25 (full 3):
 PSYoungGen      total 260608K, used 259617K [0x00000000e0000000, 0x00000000f6a80000, 0x0000000100000000)
  eden space 209920K, 99% used [0x00000000e0000000,0x00000000ecc5e640,0x00000000ecd00000)
  from space 50688K, 99% used [0x00000000ecd00000,0x00000000efe29ec8,0x00000000efe80000)
  to   space 58368K, 0% used [0x00000000f3180000,0x00000000f3180000,0x00000000f6a80000)
 ParOldGen       total 143872K, used 65082K [0x00000000a0000000, 0x00000000a8c80000, 0x00000000e0000000)
  object space 143872K, 45% used [0x00000000a0000000,0x00000000a3f8e908,0x00000000a8c80000)
 Metaspace       used 71480K, capacity 73884K, committed 74200K, reserved 1114112K
  class space    used 9104K, capacity 9655K, committed 9728K, reserved 1048576K
Event: 56.506 GC heap after
Heap after GC invocations=25 (full 3):
 PSYoungGen      total 311808K, used 34653K [0x00000000e0000000, 0x00000000f7500000, 0x0000000100000000)
  eden space 253440K, 0% used [0x00000000e0000000,0x00000000e0000000,0x00000000ef780000)
  from space 58368K, 59% used [0x00000000f3180000,0x00000000f5357710,0x00000000f6a80000)
  to   space 59392K, 0% used [0x00000000ef780000,0x00000000ef780000,0x00000000f3180000)
 ParOldGen       total 143872K, used 68152K [0x00000000a0000000, 0x00000000a8c80000, 0x00000000e0000000)
  object space 143872K, 47% used [0x00000000a0000000,0x00000000a428e3f0,0x00000000a8c80000)
 Metaspace       used 71480K, capacity 73884K, committed 74200K, reserved 1114112K
  class space    used 9104K, capacity 9655K, committed 9728K, reserved 1048576K
}
Event: 56.558 GC heap before
{Heap before GC invocations=26 (full 3):
 PSYoungGen      total 311808K, used 287205K [0x00000000e0000000, 0x00000000f7500000, 0x0000000100000000)
  eden space 253440K, 99% used [0x00000000e0000000,0x00000000ef6a1fc8,0x00000000ef780000)
  from space 58368K, 59% used [0x00000000f3180000,0x00000000f5357710,0x00000000f6a80000)
  to   space 59392K, 0% used [0x00000000ef780000,0x00000000ef780000,0x00000000f3180000)
 ParOldGen       total 143872K, used 68152K [0x00000000a0000000, 0x00000000a8c80000, 0x00000000e0000000)
  object space 143872K, 47% used [0x00000000a0000000,0x00000000a428e3f0,0x00000000a8c80000)
 Metaspace       used 71487K, capacity 73884K, committed 74200K, reserved 1114112K
  class space    used 9104K, capacity 9655K, committed 9728K, reserved 1048576K
Event: 56.584 GC heap after
Heap after GC invocations=26 (full 3):
 PSYoungGen      total 312832K, used 8952K [0x00000000e0000000, 0x00000000fbd00000, 0x0000000100000000)
  eden space 253440K, 0% used [0x00000000e0000000,0x00000000e0000000,0x00000000ef780000)
  from space 59392K, 15% used [0x00000000ef780000,0x00000000f003e3d8,0x00000000f3180000)
  to   space 58368K, 0% used [0x00000000f8400000,0x00000000f8400000,0x00000000fbd00000)
 ParOldGen       total 143872K, used 92746K [0x00000000a0000000, 0x00000000a8c80000, 0x00000000e0000000)
  object space 143872K, 64% used [0x00000000a0000000,0x00000000a5a92af0,0x00000000a8c80000)
 Metaspace       used 71487K, capacity 73884K, committed 74200K, reserved 1114112K
  class space    used 9104K, capacity 9655K, committed 9728K, reserved 1048576K
}
Event: 56.656 GC heap before
{Heap before GC invocations=27 (full 3):
 PSYoungGen      total 312832K, used 261756K [0x00000000e0000000, 0x00000000fbd00000, 0x0000000100000000)
  eden space 253440K, 99% used [0x00000000e0000000,0x00000000ef6e1010,0x00000000ef780000)
  from space 59392K, 15% used [0x00000000ef780000,0x00000000f003e3d8,0x00000000f3180000)
  to   space 58368K, 0% used [0x00000000f8400000,0x00000000f8400000,0x00000000fbd00000)
 ParOldGen       total 143872K, used 92746K [0x00000000a0000000, 0x00000000a8c80000, 0x00000000e0000000)
  object space 143872K, 64% used [0x00000000a0000000,0x00000000a5a92af0,0x00000000a8c80000)
 Metaspace       used 71505K, capacity 73884K, committed 74200K, reserved 1114112K
  class space    used 9104K, capacity 9655K, committed 9728K, reserved 1048576K
Event: 56.666 GC heap after
Heap after GC invocations=27 (full 3):
 PSYoungGen      total 311808K, used 1078K [0x00000000e0000000, 0x00000000fbd00000, 0x0000000100000000)
  eden space 253440K, 0% used [0x00000000e0000000,0x00000000e0000000,0x00000000ef780000)
  from space 58368K, 1% used [0x00000000f8400000,0x00000000f850db00,0x00000000fbd00000)
  to   space 59392K, 0% used [0x00000000ef780000,0x00000000ef780000,0x00000000f3180000)
 ParOldGen       total 143872K, used 100087K [0x00000000a0000000, 0x00000000a8c80000, 0x00000000e0000000)
  object space 143872K, 69% used [0x00000000a0000000,0x00000000a61bdd08,0x00000000a8c80000)
 Metaspace       used 71505K, capacity 73884K, committed 74200K, reserved 1114112K
  class space    used 9104K, capacity 9655K, committed 9728K, reserved 1048576K
}

